Apr-01 12:29:20.196 [main] DEBUG nextflow.cli.Launcher - $> nextflow run main.nf -profile local,conda --fasta test/data/GCF_000471025.2_ASM47102v2_genomic.fna --database uniprotkb -resume
Apr-01 12:29:20.579 [main] INFO  nextflow.cli.CmdRun - N E X T F L O W  ~  version 20.10.0
Apr-01 12:29:20.606 [main] INFO  nextflow.cli.CmdRun - Launching `main.nf` [insane_einstein] - revision: 398f1f4c41
Apr-01 12:29:20.671 [main] DEBUG nextflow.config.ConfigBuilder - Found config local: /Volumes/UNTITLED/RKI/MartinHÃ¶lzer/hypro/nextflow.config
Apr-01 12:29:20.672 [main] DEBUG nextflow.config.ConfigBuilder - Parsing config file: /Volumes/UNTITLED/RKI/MartinHÃ¶lzer/hypro/nextflow.config
Apr-01 12:29:20.717 [main] DEBUG nextflow.config.ConfigBuilder - Applying config profile: `local,conda`
Apr-01 12:29:22.446 [main] DEBUG nextflow.config.ConfigBuilder - Available config profiles: [standard, conda, singularity, local, lsf, docker]
Apr-01 12:29:22.524 [main] DEBUG nextflow.Session - Session uuid: b2fe948d-adea-4b43-9ea6-0afe5e05bc17
Apr-01 12:29:22.524 [main] DEBUG nextflow.Session - Run name: insane_einstein
Apr-01 12:29:22.525 [main] DEBUG nextflow.Session - Executor pool size: 4
Apr-01 12:29:22.563 [main] DEBUG nextflow.cli.CmdRun - 
  Version: 20.10.0 build 5430
  Created: 01-11-2020 15:14 UTC (16:14 MESZ)
  System: Mac OS X 10.15.7
  Runtime: Groovy 3.0.5 on Java HotSpot(TM) 64-Bit Server VM 1.8.0_91-b14
  Encoding: UTF-8 (UTF-8)
  Process: 66433@EMP.fritz.box [192.168.178.36]
  CPUs: 4 - Mem: 8 GB (111.8 MB) - Swap: 3 GB (1 GB)
Apr-01 12:29:23.683 [main] DEBUG nextflow.Session - Work-dir: /tmp/nextflow-eukaryotic-Eva [Mac OS X]
Apr-01 12:29:23.790 [main] DEBUG nextflow.Session - Observer factory: TowerFactory
Apr-01 12:29:23.794 [main] DEBUG nextflow.Session - Observer factory: DefaultObserverFactory
Apr-01 12:29:24.776 [main] DEBUG nextflow.Session - Session start invoked
Apr-01 12:29:25.831 [main] DEBUG nextflow.script.ScriptRunner - > Launching execution
Apr-01 12:29:25.857 [main] INFO  nextflow.Nextflow - 
[1;30m______________________________________[0m

[36mWorkflow: TEMPLATE[0m
[1;30m______________________________________[0m
Profile:                local,conda
Current User:           Eva
Nextflow-version:       20.10.0
Starting time:          01-11-2020 15:14 UTC
Workflow hash:          null

    --workdir           /tmp/nextflow-eukaryotic-Eva
    --databases         nextflow-autodownload-databases
    --output            results
    --cores             2
    --max_cores         4
    --memory            2
    --cachedir          conda
[1;30m______________________________________[0m

Apr-01 12:29:27.027 [main] DEBUG nextflow.Session - Workflow process names [dsl2]: prokka_annotation, download_db, module1, query_fasta, module2
Apr-01 12:29:27.135 [main] DEBUG nextflow.script.ProcessConfig - Config settings `withLabel:prokka` matches label `prokka` for process with name prokka_annotation
Apr-01 12:29:27.150 [main] DEBUG nextflow.executor.ExecutorFactory - << taskConfig executor: local
Apr-01 12:29:27.150 [main] DEBUG nextflow.executor.ExecutorFactory - >> processorType: 'local'
Apr-01 12:29:27.161 [main] DEBUG nextflow.executor.Executor - [warm up] executor > local
Apr-01 12:29:27.180 [main] DEBUG n.processor.LocalPollingMonitor - Creating local task monitor for executor 'local' > cpus=4; memory=8 GB; capacity=4; pollInterval=100ms; dumpInterval=5m
Apr-01 12:29:27.319 [main] DEBUG nextflow.executor.ExecutorFactory - << taskConfig executor: local
Apr-01 12:29:27.320 [main] DEBUG nextflow.executor.ExecutorFactory - >> processorType: 'local'
Apr-01 12:29:27.342 [main] DEBUG nextflow.Nextflow - No such file: nextflow-autodownload-databases/uniprotkb/ -- Skipping visit
Apr-01 12:29:27.362 [main] DEBUG nextflow.Session - Session aborted -- Cause: Missing process or function with name 'exists'
Apr-01 12:29:27.384 [main] DEBUG nextflow.Session - The following nodes are still active:
  [operator] map
  [operator] view
  [operator] view

Apr-01 12:29:27.415 [main] ERROR nextflow.cli.Launcher - @unknown
nextflow.exception.MissingProcessException: Missing process or function with name 'exists'
	at nextflow.script.WorkflowDef.run(WorkflowDef.groovy:173)
	at nextflow.script.BindableDef.invoke_a(BindableDef.groovy:52)
	at nextflow.script.ComponentDef.invoke_o(ComponentDef.groovy:41)
	at nextflow.script.WorkflowBinding.invokeMethod(WorkflowBinding.groovy:95)
	at org.codehaus.groovy.runtime.metaclass.ClosureMetaClass.invokeOnDelegationObjects(ClosureMetaClass.java:397)
	at org.codehaus.groovy.runtime.metaclass.ClosureMetaClass.invokeMethod(ClosureMetaClass.java:339)
	at org.codehaus.groovy.runtime.callsite.PogoMetaClassSite.callCurrent(PogoMetaClassSite.java:61)
	at org.codehaus.groovy.runtime.callsite.CallSiteArray.defaultCallCurrent(CallSiteArray.java:51)
	at org.codehaus.groovy.runtime.callsite.AbstractCallSite.callCurrent(AbstractCallSite.java:171)
	at org.codehaus.groovy.runtime.callsite.AbstractCallSite.callCurrent(AbstractCallSite.java:176)
	at Script_2de830af$_runScript_closure5$_closure8.doCall(Script_2de830af:131)
	at sun.reflect.NativeMethodAccessorImpl.invoke0(Native Method)
	at sun.reflect.NativeMethodAccessorImpl.invoke(NativeMethodAccessorImpl.java:62)
	at sun.reflect.DelegatingMethodAccessorImpl.invoke(DelegatingMethodAccessorImpl.java:43)
	at java.lang.reflect.Method.invoke(Method.java:498)
	at org.codehaus.groovy.reflection.CachedMethod.invoke(CachedMethod.java:107)
	at groovy.lang.MetaMethod.doMethodInvoke(MetaMethod.java:323)
	at org.codehaus.groovy.runtime.metaclass.ClosureMetaClass.invokeMethod(ClosureMetaClass.java:263)
	at groovy.lang.MetaClassImpl.invokeMethod(MetaClassImpl.java:1026)
	at groovy.lang.Closure.call(Closure.java:412)
	at groovy.lang.Closure.call(Closure.java:406)
	at nextflow.script.WorkflowDef.run0(WorkflowDef.groovy:186)
	at nextflow.script.WorkflowDef.run(WorkflowDef.groovy:170)
	at nextflow.script.BindableDef.invoke_a(BindableDef.groovy:52)
	at nextflow.script.ChainableDef$invoke_a.call(Unknown Source)
	at org.codehaus.groovy.runtime.callsite.CallSiteArray.defaultCall(CallSiteArray.java:47)
	at org.codehaus.groovy.runtime.callsite.AbstractCallSite.call(AbstractCallSite.java:125)
	at org.codehaus.groovy.runtime.callsite.AbstractCallSite.call(AbstractCallSite.java:139)
	at nextflow.script.BaseScript.runDsl2(BaseScript.groovy:191)
	at nextflow.script.BaseScript.run(BaseScript.groovy:200)
	at nextflow.script.ScriptParser.runScript(ScriptParser.groovy:219)
	at nextflow.script.ScriptRunner.run(ScriptRunner.groovy:219)
	at nextflow.script.ScriptRunner.execute(ScriptRunner.groovy:127)
	at nextflow.cli.CmdRun.run(CmdRun.groovy:277)
	at nextflow.cli.Launcher.run(Launcher.groovy:466)
	at nextflow.cli.Launcher.main(Launcher.groovy:648)
Caused by: groovy.lang.MissingMethodException: No signature of method: java.util.LinkedList.exists() is applicable for argument types: () values: []
Possible solutions: inits(), first(), first(), wait(), execute(), toList()
	at org.codehaus.groovy.runtime.ScriptBytecodeAdapter.unwrap(ScriptBytecodeAdapter.java:70)
	at org.codehaus.groovy.runtime.callsite.PojoMetaClassSite.call(PojoMetaClassSite.java:46)
	at org.codehaus.groovy.runtime.callsite.CallSiteArray.defaultCall(CallSiteArray.java:47)
	at org.codehaus.groovy.runtime.callsite.AbstractCallSite.call(AbstractCallSite.java:125)
	at org.codehaus.groovy.runtime.callsite.AbstractCallSite.call(AbstractCallSite.java:130)
	at Script_2de830af$_runScript_closure3$_closure6.doCall(Script_2de830af:82)
	at sun.reflect.NativeMethodAccessorImpl.invoke0(Native Method)
	at sun.reflect.NativeMethodAccessorImpl.invoke(NativeMethodAccessorImpl.java:62)
	at sun.reflect.DelegatingMethodAccessorImpl.invoke(DelegatingMethodAccessorImpl.java:43)
	at java.lang.reflect.Method.invoke(Method.java:498)
	at org.codehaus.groovy.reflection.CachedMethod.invoke(CachedMethod.java:107)
	at groovy.lang.MetaMethod.doMethodInvoke(MetaMethod.java:323)
	at org.codehaus.groovy.runtime.metaclass.ClosureMetaClass.invokeMethod(ClosureMetaClass.java:263)
	at groovy.lang.MetaClassImpl.invokeMethod(MetaClassImpl.java:1026)
	at groovy.lang.Closure.call(Closure.java:412)
	at groovy.lang.Closure.call(Closure.java:406)
	at nextflow.script.WorkflowDef.run0(WorkflowDef.groovy:186)
	at nextflow.script.WorkflowDef.run(WorkflowDef.groovy:170)
	... 35 common frames omitted
